  BPAexe.cpp
c:\users\giacc\onedrive\documenti\surfacerecontoolbox\sds\sds3d.cpp(210): warning C4244: '=': conversion from 'double' to 'int', possible loss of data
c:\users\giacc\onedrive\documenti\surfacerecontoolbox\sds\sds3d.cpp(211): warning C4244: '=': conversion from 'double' to 'int', possible loss of data
c:\users\giacc\onedrive\documenti\surfacerecontoolbox\sds\sds3d.cpp(212): warning C4244: '=': conversion from 'double' to 'int', possible loss of data
c:\users\giacc\onedrive\documenti\surfacerecontoolbox\sds\sds3d.cpp(222): warning C4244: '=': conversion from 'double' to 'int', possible loss of data
c:\users\giacc\onedrive\documenti\surfacerecontoolbox\sds\sds3d.cpp(223): warning C4244: '=': conversion from 'double' to 'int', possible loss of data
c:\users\giacc\onedrive\documenti\surfacerecontoolbox\sds\sds3d.cpp(224): warning C4244: '=': conversion from 'double' to 'int', possible loss of data
c:\users\giacc\onedrive\documenti\surfacerecontoolbox\sds\sds3d.cpp(259): warning C4244: '=': conversion from 'double' to 'int', possible loss of data
c:\users\giacc\onedrive\documenti\surfacerecontoolbox\sds\sds3d.cpp(260): warning C4244: '=': conversion from 'double' to 'int', possible loss of data
c:\users\giacc\onedrive\documenti\surfacerecontoolbox\sds\sds3d.cpp(261): warning C4244: '=': conversion from 'double' to 'int', possible loss of data
c:\users\giacc\onedrive\documenti\surfacerecontoolbox\sds\sds3d.cpp(335): warning C4244: '=': conversion from 'double' to 'int', possible loss of data
c:\users\giacc\onedrive\documenti\surfacerecontoolbox\sds\sds3d.cpp(355): warning C4244: '=': conversion from 'double' to 'int', possible loss of data
c:\users\giacc\onedrive\documenti\surfacerecontoolbox\sds\sds3d.cpp(376): warning C4244: '=': conversion from 'double' to 'int', possible loss of data
c:\users\giacc\onedrive\documenti\surfacerecontoolbox\sds\sds3d.cpp(582): warning C4244: '=': conversion from 'double' to 'int', possible loss of data
c:\users\giacc\onedrive\documenti\surfacerecontoolbox\sds\sds3d.cpp(602): warning C4244: '=': conversion from 'double' to 'int', possible loss of data
c:\users\giacc\onedrive\documenti\surfacerecontoolbox\sds\sds3d.cpp(623): warning C4244: '=': conversion from 'double' to 'int', possible loss of data
c:\users\giacc\onedrive\documenti\surfacerecontoolbox\sds\sds3d.cpp(818): warning C4244: '=': conversion from 'double' to 'int', possible loss of data
c:\users\giacc\onedrive\documenti\surfacerecontoolbox\sds\sds3d.cpp(819): warning C4244: '=': conversion from 'double' to 'int', possible loss of data
c:\users\giacc\onedrive\documenti\surfacerecontoolbox\sds\sds3d.cpp(821): warning C4244: '=': conversion from 'double' to 'int', possible loss of data
c:\users\giacc\onedrive\documenti\surfacerecontoolbox\sds\sds3d.cpp(822): warning C4244: '=': conversion from 'double' to 'int', possible loss of data
c:\users\giacc\onedrive\documenti\surfacerecontoolbox\sds\sds3d.cpp(824): warning C4244: '=': conversion from 'double' to 'int', possible loss of data
c:\users\giacc\onedrive\documenti\surfacerecontoolbox\sds\sds3d.cpp(825): warning C4244: '=': conversion from 'double' to 'int', possible loss of data
c:\users\giacc\onedrive\documenti\surfacerecontoolbox\sds\sds3d.cpp(903): warning C4244: '=': conversion from 'double' to 'int', possible loss of data
c:\users\giacc\onedrive\documenti\surfacerecontoolbox\sds\sds3d.cpp(904): warning C4244: '=': conversion from 'double' to 'int', possible loss of data
c:\users\giacc\onedrive\documenti\surfacerecontoolbox\sds\sds3d.cpp(905): warning C4244: '=': conversion from 'double' to 'int', possible loss of data
c:\users\giacc\onedrive\documenti\surfacerecontoolbox\sds\sds3d.cpp(974): warning C4244: '=': conversion from 'double' to 'int', possible loss of data
c:\users\giacc\onedrive\documenti\surfacerecontoolbox\sds\sds3d.cpp(994): warning C4244: '=': conversion from 'double' to 'int', possible loss of data
c:\users\giacc\onedrive\documenti\surfacerecontoolbox\sds\sds3d.cpp(1015): warning C4244: '=': conversion from 'double' to 'int', possible loss of data
c:\users\giacc\onedrive\documenti\surfacerecontoolbox\sds\sds3d.cpp(1209): warning C4244: '=': conversion from 'double' to 'int', possible loss of data
c:\users\giacc\onedrive\documenti\surfacerecontoolbox\sds\sds3d.cpp(1210): warning C4244: '=': conversion from 'double' to 'int', possible loss of data
c:\users\giacc\onedrive\documenti\surfacerecontoolbox\sds\sds3d.cpp(1212): warning C4244: '=': conversion from 'double' to 'int', possible loss of data
c:\users\giacc\onedrive\documenti\surfacerecontoolbox\sds\sds3d.cpp(1213): warning C4244: '=': conversion from 'double' to 'int', possible loss of data
c:\users\giacc\onedrive\documenti\surfacerecontoolbox\sds\sds3d.cpp(1215): warning C4244: '=': conversion from 'double' to 'int', possible loss of data
c:\users\giacc\onedrive\documenti\surfacerecontoolbox\sds\sds3d.cpp(1216): warning C4244: '=': conversion from 'double' to 'int', possible loss of data
c:\users\giacc\onedrive\documenti\surfacerecontoolbox\sds\sds3d.cpp(1339): warning C4244: '=': conversion from 'double' to 'int', possible loss of data
c:\users\giacc\onedrive\documenti\surfacerecontoolbox\sds\sds3d.cpp(1359): warning C4244: '=': conversion from 'double' to 'int', possible loss of data
c:\users\giacc\onedrive\documenti\surfacerecontoolbox\sds\sds3d.cpp(1380): warning C4244: '=': conversion from 'double' to 'int', possible loss of data
c:\users\giacc\onedrive\documenti\surfacerecontoolbox\sds\sds3d.cpp(1570): warning C4244: '=': conversion from 'double' to 'int', possible loss of data
c:\users\giacc\onedrive\documenti\surfacerecontoolbox\sds\sds3d.cpp(1580): warning C4244: '=': conversion from 'double' to 'int', possible loss of data
c:\users\giacc\onedrive\documenti\surfacerecontoolbox\sds\sds3d.cpp(1590): warning C4244: '=': conversion from 'double' to 'int', possible loss of data
c:\users\giacc\onedrive\documenti\surfacerecontoolbox\sds\sds3d.cpp(1599): warning C4244: '=': conversion from 'double' to 'int', possible loss of data
c:\users\giacc\onedrive\documenti\surfacerecontoolbox\sds\sds3d.cpp(1608): warning C4244: '=': conversion from 'double' to 'int', possible loss of data
c:\users\giacc\onedrive\documenti\surfacerecontoolbox\sds\sds3d.cpp(1617): warning C4244: '=': conversion from 'double' to 'int', possible loss of data
c:\users\giacc\onedrive\documenti\surfacerecontoolbox\sds\sds3d.cpp(1781): warning C4244: '=': conversion from 'double' to 'int', possible loss of data
c:\users\giacc\onedrive\documenti\surfacerecontoolbox\sds\sds3d.cpp(1782): warning C4244: '=': conversion from 'double' to 'int', possible loss of data
c:\users\giacc\onedrive\documenti\surfacerecontoolbox\sds\sds3d.cpp(1784): warning C4244: '=': conversion from 'double' to 'int', possible loss of data
c:\users\giacc\onedrive\documenti\surfacerecontoolbox\sds\sds3d.cpp(1785): warning C4244: '=': conversion from 'double' to 'int', possible loss of data
c:\users\giacc\onedrive\documenti\surfacerecontoolbox\sds\sds3d.cpp(1787): warning C4244: '=': conversion from 'double' to 'int', possible loss of data
c:\users\giacc\onedrive\documenti\surfacerecontoolbox\sds\sds3d.cpp(1788): warning C4244: '=': conversion from 'double' to 'int', possible loss of data
c:\users\giacc\onedrive\documenti\surfacerecontoolbox\sds\sds3d.cpp(1895): warning C4244: '=': conversion from 'double' to 'int', possible loss of data
c:\users\giacc\onedrive\documenti\surfacerecontoolbox\sds\sds3d.cpp(1905): warning C4244: '=': conversion from 'double' to 'int', possible loss of data
c:\users\giacc\onedrive\documenti\surfacerecontoolbox\sds\sds3d.cpp(1915): warning C4244: '=': conversion from 'double' to 'int', possible loss of data
c:\users\giacc\onedrive\documenti\surfacerecontoolbox\sds\sds3d.cpp(1924): warning C4244: '=': conversion from 'double' to 'int', possible loss of data
c:\users\giacc\onedrive\documenti\surfacerecontoolbox\sds\sds3d.cpp(1933): warning C4244: '=': conversion from 'double' to 'int', possible loss of data
c:\users\giacc\onedrive\documenti\surfacerecontoolbox\sds\sds3d.cpp(1942): warning C4244: '=': conversion from 'double' to 'int', possible loss of data
c:\users\giacc\onedrive\documenti\surfacerecontoolbox\triangulations\meshgrowing.cpp(81): warning C4244: '=': conversion from 'double' to 'int', possible loss of data
c:\users\giacc\onedrive\documenti\surfacerecontoolbox\triangulations\meshgrowing.cpp(82): warning C4244: '=': conversion from 'double' to 'int', possible loss of data
c:\users\giacc\onedrive\documenti\surfacerecontoolbox\triangulations\meshgrowing.cpp(202): warning C4244: '=': conversion from 'double' to 'int', possible loss of data
c:\users\giacc\onedrive\documenti\surfacerecontoolbox\triangulations\meshgrowing.cpp(203): warning C4244: '=': conversion from 'double' to 'int', possible loss of data
c:\users\giacc\onedrive\documenti\surfacerecontoolbox\util\filemanager.h(168): warning C4244: '=': conversion from 'double' to 'float', possible loss of data
c:\users\giacc\onedrive\documenti\surfacerecontoolbox\util\filemanager.h(169): warning C4244: '=': conversion from 'double' to 'float', possible loss of data
c:\users\giacc\onedrive\documenti\surfacerecontoolbox\util\filemanager.h(170): warning C4244: '=': conversion from 'double' to 'float', possible loss of data
c:\users\giacc\onedrive\documenti\surfacerecontoolbox\util\filemanager.h(174): warning C4244: '=': conversion from 'double' to 'float', possible loss of data
c:\users\giacc\onedrive\documenti\surfacerecontoolbox\util\filemanager.h(175): warning C4244: '=': conversion from 'double' to 'float', possible loss of data
c:\users\giacc\onedrive\documenti\surfacerecontoolbox\util\filemanager.h(176): warning C4244: '=': conversion from 'double' to 'float', possible loss of data
c:\users\giacc\onedrive\documenti\surfacerecontoolbox\util\filemanager.h(180): warning C4244: '=': conversion from 'double' to 'float', possible loss of data
c:\users\giacc\onedrive\documenti\surfacerecontoolbox\util\filemanager.h(181): warning C4244: '=': conversion from 'double' to 'float', possible loss of data
c:\users\giacc\onedrive\documenti\surfacerecontoolbox\util\filemanager.h(182): warning C4244: '=': conversion from 'double' to 'float', possible loss of data
c:\users\giacc\onedrive\documenti\surfacerecontoolbox\util\filemanager.h(187): warning C4244: '=': conversion from 'double' to 'float', possible loss of data
c:\users\giacc\onedrive\documenti\surfacerecontoolbox\util\filemanager.h(188): warning C4244: '=': conversion from 'double' to 'float', possible loss of data
c:\users\giacc\onedrive\documenti\surfacerecontoolbox\util\filemanager.h(189): warning C4244: '=': conversion from 'double' to 'float', possible loss of data
c:\users\giacc\onedrive\documenti\surfacerecontoolbox\util\filemanager.h(137): warning C4996: 'fopen': This function or variable may be unsafe. Consider using fopen_s instead. To disable deprecation, use _CRT_SECURE_NO_WARNINGS. See online help for details.
  c:\program files (x86)\windows kits\10\include\10.0.15063.0\ucrt\stdio.h(207): note: see declaration of 'fopen'
c:\users\giacc\onedrive\documenti\surfacerecontoolbox\util\filemanager.h(211): warning C4996: 'fopen': This function or variable may be unsafe. Consider using fopen_s instead. To disable deprecation, use _CRT_SECURE_NO_WARNINGS. See online help for details.
  c:\program files (x86)\windows kits\10\include\10.0.15063.0\ucrt\stdio.h(207): note: see declaration of 'fopen'
c:\users\giacc\onedrive\documenti\surfacerecontoolbox\util\filemanager.h(246): warning C4996: 'fopen': This function or variable may be unsafe. Consider using fopen_s instead. To disable deprecation, use _CRT_SECURE_NO_WARNINGS. See online help for details.
  c:\program files (x86)\windows kits\10\include\10.0.15063.0\ucrt\stdio.h(207): note: see declaration of 'fopen'
c:\users\giacc\onedrive\documenti\surfacerecontoolbox\util\filemanager.h(252): warning C4996: 'sscanf': This function or variable may be unsafe. Consider using sscanf_s instead. To disable deprecation, use _CRT_SECURE_NO_WARNINGS. See online help for details.
  c:\program files (x86)\windows kits\10\include\10.0.15063.0\ucrt\stdio.h(2260): note: see declaration of 'sscanf'
c:\users\giacc\onedrive\documenti\surfacerecontoolbox\util\filemanager.h(264): warning C4996: 'sscanf': This function or variable may be unsafe. Consider using sscanf_s instead. To disable deprecation, use _CRT_SECURE_NO_WARNINGS. See online help for details.
  c:\program files (x86)\windows kits\10\include\10.0.15063.0\ucrt\stdio.h(2260): note: see declaration of 'sscanf'
c:\users\giacc\onedrive\documenti\surfacerecontoolbox\util\shell_io.h(36): warning C4996: 'localtime': This function or variable may be unsafe. Consider using localtime_s instead. To disable deprecation, use _CRT_SECURE_NO_WARNINGS. See online help for details.
  c:\program files (x86)\windows kits\10\include\10.0.15063.0\ucrt\time.h(505): note: see declaration of 'localtime'
c:\users\giacc\onedrive\documenti\surfacerecontoolbox\util\shell_io.h(42): warning C4996: 'asctime': This function or variable may be unsafe. Consider using asctime_s instead. To disable deprecation, use _CRT_SECURE_NO_WARNINGS. See online help for details.
  c:\program files (x86)\windows kits\10\include\10.0.15063.0\ucrt\time.h(116): note: see declaration of 'asctime'
c:\users\giacc\onedrive\documenti\surfacerecontoolbox\util\shell_io.h(63): warning C4996: 'strcpy': This function or variable may be unsafe. Consider using strcpy_s instead. To disable deprecation, use _CRT_SECURE_NO_WARNINGS. See online help for details.
  c:\program files (x86)\windows kits\10\include\10.0.15063.0\ucrt\string.h(136): note: see declaration of 'strcpy'
c:\users\giacc\onedrive\documenti\surfacerecontoolbox\util\shell_io.h(92): warning C4996: 'strcpy': This function or variable may be unsafe. Consider using strcpy_s instead. To disable deprecation, use _CRT_SECURE_NO_WARNINGS. See online help for details.
  c:\program files (x86)\windows kits\10\include\10.0.15063.0\ucrt\string.h(136): note: see declaration of 'strcpy'
c:\users\giacc\onedrive\documenti\surfacerecontoolbox\util\shell_io.h(97): warning C4996: 'strcpy': This function or variable may be unsafe. Consider using strcpy_s instead. To disable deprecation, use _CRT_SECURE_NO_WARNINGS. See online help for details.
  c:\program files (x86)\windows kits\10\include\10.0.15063.0\ucrt\string.h(136): note: see declaration of 'strcpy'
c:\users\giacc\onedrive\documenti\surfacerecontoolbox\srtools\bpaexe.cpp(29): warning C4101: 'flag': unreferenced local variable
  BPA.vcxproj -> C:\Users\giacc\OneDrive\Documenti\SurfaceReconToolbox\Debug\BPA.exe
  BPA.vcxproj -> C:\Users\giacc\OneDrive\Documenti\SurfaceReconToolbox\Debug\BPA.pdb (Partial PDB)
